 >> Taldeen zentroideak
 46.440 47.017 79.853 69.563 37.157 32.160 66.023  5.678 70.967 71.950 52.957 14.906 41.100 61.427 85.363 84.940 33.021 44.040 34.160 15.777 46.440 47.017 79.853 69.563 37.157 32.160 66.023  5.678 70.967 71.950 52.957 14.906 41.100 61.427 85.363 84.940 33.021 44.040 34.160 15.777
 78.740 44.473 33.714 26.045 61.382 78.946 64.230 77.393 12.064 58.462 84.922 72.984 57.216 27.625 76.817 75.278 42.906 39.555 33.711 61.271 78.740 44.473 33.714 26.045 61.382 78.946 64.230 77.393 12.064 58.462 84.922 72.984 57.216 27.625 76.817 75.278 42.906 39.555 33.711 61.271
 56.684 34.492 33.545 50.101 56.374 39.560 47.074 83.670 32.933 40.710 77.258 41.212 29.107 59.008 37.938 74.997 71.220 57.953 41.101 34.488 56.684 34.492 33.545 50.101 56.374 39.560 47.074 83.670 32.933 40.710 77.258 41.212 29.107 59.008 37.938 74.997 71.220 57.953 41.101 34.488
 10.250 45.800 18.710 98.570  8.024  7.929 44.630 83.090 12.830 62.340 43.030 76.740 50.610  0.877 19.240 91.910 10.590 88.440 97.540 87.980 10.250 45.800 18.710 98.570  8.024  7.929 44.630 83.090 12.830 62.340 43.030 76.740 50.610  0.877 19.240 91.910 10.590 88.440 97.540 87.980
 64.825 79.656 59.447 67.834 43.059 45.616 60.889 21.699 46.327 13.045 46.157 72.703 80.959 17.965 31.720 64.106 47.475 42.328 21.213 47.716 64.825 79.656 59.447 67.834 43.059 45.616 60.889 21.699 46.327 13.045 46.157 72.703 80.959 17.965 31.720 64.106 47.475 42.328 21.213 47.716
  6.690  8.030 13.650 91.980 11.310 13.060 31.810 25.310 85.880 25.820 62.360 72.260 48.370 65.460 84.790 85.860 46.400 55.330 24.020 98.240  6.690  8.030 13.650 91.980 11.310 13.060 31.810 25.310 85.880 25.820 62.360 72.260 48.370 65.460 84.790 85.860 46.400 55.330 24.020 98.240
 31.050  4.990 50.270 87.910 22.750 95.690 21.580 68.440 85.090 73.740 95.470 55.300 45.300  9.120 10.800 20.130 85.710  6.140  8.960 71.590 31.050  4.990 50.270 87.910 22.750 95.690 21.580 68.440 85.090 73.740 95.470 55.300 45.300  9.120 10.800 20.130 85.710  6.140  8.960 71.590
 95.480 71.330  7.370 43.860  0.310 92.170 93.240 46.710 11.020 17.260  8.470  5.590 22.250 58.740 57.020  8.520 17.960 78.600 40.480 66.570 95.480 71.330  7.370 43.860  0.310 92.170 93.240 46.710 11.020 17.260  8.470  5.590 22.250 58.740 57.020  8.520 17.960 78.600 40.480 66.570
 15.870 35.960 85.390 61.170  8.600 96.200 44.820 94.310  2.340 53.780 29.430 97.820 88.630 36.800  5.200 88.940 92.490 98.440 99.170  3.510 15.870 35.960 85.390 61.170  8.600 96.200 44.820 94.310  2.340 53.780 29.430 97.820 88.630 36.800  5.200 88.940 92.490 98.440 99.170  3.510
 27.546 66.663 80.920 66.323 61.803 23.394 30.631 73.703 54.117 13.526 90.400 67.153 69.277 65.670 27.760 30.933 53.590 61.477 72.780 73.520 27.546 66.663 80.920 66.323 61.803 23.394 30.631 73.703 54.117 13.526 90.400 67.153 69.277 65.670 27.760 30.933 53.590 61.477 72.780 73.520
 40.259 25.362 48.117 78.684 27.698 67.648 61.592 32.607 27.421 19.353 84.263 55.866 71.611 28.164 70.880 71.567 65.538 74.435 29.582 21.356 40.259 25.362 48.117 78.684 27.698 67.648 61.592 32.607 27.421 19.353 84.263 55.866 71.611 28.164 70.880 71.567 65.538 74.435 29.582 21.356
 87.287 30.023 53.063 88.890 66.680 59.850 84.403 79.553 78.420 45.550 50.977  7.074 23.095 39.500 29.202 43.877 45.667 69.620 91.067 14.158 87.287 30.023 53.063 88.890 66.680 59.850 84.403 79.553 78.420 45.550 50.977  7.074 23.095 39.500 29.202 43.877 45.667 69.620 91.067 14.158
 95.290 18.740 27.510 81.200 24.110 25.680 60.540 95.600 97.380 87.750  2.390 83.100 19.970 33.310 82.310 15.550  3.600 67.140 97.730 67.520 95.290 18.740 27.510 81.200 24.110 25.680 60.540 95.600 97.380 87.750  2.390 83.100 19.970 33.310 82.310 15.550  3.600 67.140 97.730 67.520
 35.501 14.675 32.760 77.911 53.964 64.919 38.409 25.647 42.940 28.063 28.708 87.113 44.431 45.093 22.083 24.489 44.729 66.836 44.070 71.140 35.501 14.675 32.760 77.911 53.964 64.919 38.409 25.647 42.940 28.063 28.708 87.113 44.431 45.093 22.083 24.489 44.729 66.836 44.070 71.140
 30.340 97.830 12.790 50.310 94.660 58.620 65.870 98.260 89.280 27.120 65.790 84.700 59.500 98.740 17.780 76.800 96.690 98.190 98.030 75.200 30.340 97.830 12.790 50.310 94.660 58.620 65.870 98.260 89.280 27.120 65.790 84.700 59.500 98.740 17.780 76.800 96.690 98.190 98.030 75.200
 75.055 38.020 36.635 12.595 28.365 71.060 23.790 19.605 58.270 15.788 37.475 69.300 48.750 21.305 87.990 22.465 86.380 77.405 84.430 38.015 75.055 38.020 36.635 12.595 28.365 71.060 23.790 19.605 58.270 15.788 37.475 69.300 48.750 21.305 87.990 22.465 86.380 77.405 84.430 38.015
 51.868 71.678 40.927 21.745 42.246 84.454 34.928 72.754 85.067 75.583 81.508 60.225 57.544 40.312 86.390 74.046 69.477 25.678 70.974 54.673 51.868 71.678 40.927 21.745 42.246 84.454 34.928 72.754 85.067 75.583 81.508 60.225 57.544 40.312 86.390 74.046 69.477 25.678 70.974 54.673
 64.886 88.373 13.057 15.875 44.447 28.640 27.265 50.936 19.896 18.868 16.202 21.436 28.939 66.417 10.070 56.979 47.922 87.333 55.964 23.795 64.886 88.373 13.057 15.875 44.447 28.640 27.265 50.936 19.896 18.868 16.202 21.436 28.939 66.417 10.070 56.979 47.922 87.333 55.964 23.795
 32.501 17.024  8.377 13.017 16.429 38.868 17.720 57.907 22.784 78.856 19.910 81.279  9.469 66.039 33.829 66.726 75.276 48.224 51.421 92.028 32.501 17.024  8.377 13.017 16.429 38.868 17.720 57.907 22.784 78.856 19.910 81.279  9.469 66.039 33.829 66.726 75.276 48.224 51.421 92.028
 57.854 39.868 39.138 33.164 58.426 35.415 42.024 33.071 61.697 57.020 49.550 36.296 65.509 27.338 13.890 73.582 56.072 40.022 29.598 36.516 57.854 39.868 39.138 33.164 58.426 35.415 42.024 33.071 61.697 57.020 49.550 36.296 65.509 27.338 13.890 73.582 56.072 40.022 29.598 36.516
 25.658 31.235 43.613 62.819 30.409 15.405 80.327 26.829 49.734 87.201 32.730 32.734 45.894 82.647 74.505 46.163 29.291 29.841 27.593 38.436 25.658 31.235 43.613 62.819 30.409 15.405 80.327 26.829 49.734 87.201 32.730 32.734 45.894 82.647 74.505 46.163 29.291 29.841 27.593 38.436
 92.530  9.461 84.400 39.840 13.610 73.480 76.870 44.070 87.130 34.680 53.300 43.870 34.200 26.030 84.280 97.070 59.230 13.820 97.010 19.860 92.530  9.461 84.400 39.840 13.610 73.480 76.870 44.070 87.130 34.680 53.300 43.870 34.200 26.030 84.280 97.070 59.230 13.820 97.010 19.860
 48.071 27.972 46.133 47.702 79.701 35.499 30.366 27.988 15.033 50.053 33.835 45.798 26.090 56.769 60.202 35.615 28.941 70.348 39.883 22.989 48.071 27.972 46.133 47.702 79.701 35.499 30.366 27.988 15.033 50.053 33.835 45.798 26.090 56.769 60.202 35.615 28.941 70.348 39.883 22.989
 85.220 77.920 26.300 50.600 13.900 54.060 77.120 92.820 33.610 34.040 31.860 90.610  3.140 95.730 62.960 43.600  6.390 74.370 25.830 70.440 85.220 77.920 26.300 50.600 13.900 54.060 77.120 92.820 33.610 34.040 31.860 90.610  3.140 95.730 62.960 43.600  6.390 74.370 25.830 70.440
 78.837 30.284 30.081 34.410 22.593 87.388 82.792 30.092 44.045 86.153 17.414 37.018 69.788 73.441 15.359 25.979 43.253 74.241 73.440 35.844 78.837 30.284 30.081 34.410 22.593 87.388 82.792 30.092 44.045 86.153 17.414 37.018 69.788 73.441 15.359 25.979 43.253 74.241 73.440 35.844
 61.220 63.579 21.910 53.010 21.652 40.029 34.891 79.031 28.926 64.280 63.294 52.056 64.473 31.435 60.543 36.506 53.250 21.642 61.978 15.140 61.220 63.579 21.910 53.010 21.652 40.029 34.891 79.031 28.926 64.280 63.294 52.056 64.473 31.435 60.543 36.506 53.250 21.642 61.978 15.140
 22.710 86.984 22.917 38.666 78.471 31.475 52.617 16.115 79.300 87.789 88.470 66.523 28.799 24.436 40.091 25.124 88.156 60.358 16.678  9.733 22.710 86.984 22.917 38.666 78.471 31.475 52.617 16.115 79.300 87.789 88.470 66.523 28.799 24.436 40.091 25.124 88.156 60.358 16.678  9.733
 17.032 79.545 85.117  9.426 69.537  7.984 82.446 67.015 64.486 24.904 68.559 69.425 28.353 68.476 34.304 12.165 19.926 13.528 54.768 77.122 17.032 79.545 85.117  9.426 69.537  7.984 82.446 67.015 64.486 24.904 68.559 69.425 28.353 68.476 34.304 12.165 19.926 13.528 54.768 77.122
 50.498 71.491 87.502 50.319 23.700 47.947 40.707 27.048 53.310 41.169 69.554 62.747 14.284 57.117 33.813 37.742 45.548 29.368 33.027 41.726 50.498 71.491 87.502 50.319 23.700 47.947 40.707 27.048 53.310 41.169 69.554 62.747 14.284 57.117 33.813 37.742 45.548 29.368 33.027 41.726
 19.549 55.774 27.778 67.169 68.783 88.839 57.902 51.531 55.819 38.655 12.727 53.713 66.922 77.416 53.128 60.300 22.106 45.977 84.025 50.190 19.549 55.774 27.778 67.169 68.783 88.839 57.902 51.531 55.819 38.655 12.727 53.713 66.922 77.416 53.128 60.300 22.106 45.977 84.025 50.190
 89.383 72.839 44.456 91.010 81.903 91.347 25.620 62.450 42.610 86.742 45.169 34.936 26.159 27.542 87.950 60.733 65.276 15.926 86.391 12.940 89.383 72.839 44.456 91.010 81.903 91.347 25.620 62.450 42.610 86.742 45.169 34.936 26.159 27.542 87.950 60.733 65.276 15.926 86.391 12.940
 34.621 42.627 27.286 41.779 68.767 49.395 47.060 34.217 52.786 56.839 73.874 88.022 24.171 20.696 64.400 38.742 57.435 35.169 46.213 32.302 34.621 42.627 27.286 41.779 68.767 49.395 47.060 34.217 52.786 56.839 73.874 88.022 24.171 20.696 64.400 38.742 57.435 35.169 46.213 32.302
 45.434 50.987 34.870 44.990 76.799 21.751 43.110 65.028 72.508 60.504 72.505 49.476 47.429 43.749 28.721 30.538 25.260 67.568 20.966 70.667 45.434 50.987 34.870 44.990 76.799 21.751 43.110 65.028 72.508 60.504 72.505 49.476 47.429 43.749 28.721 30.538 25.260 67.568 20.966 70.667
 47.656 48.351 73.460 60.241 27.190 81.509 86.614 50.193 55.459 79.632 50.593 43.705 87.900 41.253 55.634 40.489 84.169 85.456 49.143 66.186 47.656 48.351 73.460 60.241 27.190 81.509 86.614 50.193 55.459 79.632 50.593 43.705 87.900 41.253 55.634 40.489 84.169 85.456 49.143 66.186
 47.525 66.986 55.422 46.822 67.656 59.288 58.394 74.078 20.285 51.958 63.962 26.416 23.209 48.028 32.344  8.542 48.286 81.634 25.271 80.476 47.525 66.986 55.422 46.822 67.656 59.288 58.394 74.078 20.285 51.958 63.962 26.416 23.209 48.028 32.344  8.542 48.286 81.634 25.271 80.476
 15.462 82.277 75.228 84.315 19.108 39.949 83.371 57.633 58.092 78.924 22.218 21.752 65.728 56.750 29.593  9.771 83.114 75.052 74.473 88.649 15.462 82.277 75.228 84.315 19.108 39.949 83.371 57.633 58.092 78.924 22.218 21.752 65.728 56.750 29.593  9.771 83.114 75.052 74.473 88.649
 50.052 84.496 57.782 17.107 31.428 82.880 49.826 87.778 39.516 73.568 45.314 82.792 79.805 29.430 76.193 32.925 32.175  9.829 50.490 90.624 50.052 84.496 57.782 17.107 31.428 82.880 49.826 87.778 39.516 73.568 45.314 82.792 79.805 29.430 76.193 32.925 32.175  9.829 50.490 90.624
 75.427 11.255 62.573 46.937 43.420 29.503 45.442 19.588 45.240 60.967 62.757 71.457 44.677 57.523 69.267 62.297 77.173 73.273 73.420 28.847 75.427 11.255 62.573 46.937 43.420 29.503 45.442 19.588 45.240 60.967 62.757 71.457 44.677 57.523 69.267 62.297 77.173 73.273 73.420 28.847
 22.434 58.216 48.841 63.521 83.908 23.162 67.694 37.262 56.672 60.891 40.529 31.035 64.939 34.210 47.330 85.750 69.217 34.818 54.646 37.377 22.434 58.216 48.841 63.521 83.908 23.162 67.694 37.262 56.672 60.891 40.529 31.035 64.939 34.210 47.330 85.750 69.217 34.818 54.646 37.377
 89.300 91.030 99.050 23.820 80.110 25.210 58.190 62.340 77.330 93.040 12.520 83.650 86.170  9.510 68.930 31.920 31.750 88.590 81.530 44.850 89.300 91.030 99.050 23.820 80.110 25.210 58.190 62.340 77.330 93.040 12.520 83.650 86.170  9.510 68.930 31.920 31.750 88.590 81.530 44.850

 >> Taldeen tamaina: 40 talde

        3       26      105        1       30        0        0        0        0        3
       51        3        0       26        0        2       78       26       25       78
       29        1       52        0       26        8       25       25       52       52
       25       57       52       27        5       25       26        3       53        0


 >> Taldeen trinkotasuna 

     0.00     0.00     0.00     0.00     0.00     0.00     0.00     0.00     0.00     0.00
     0.00     0.00     0.00     0.00     0.00     0.00     0.00     0.00     0.00     0.00
     0.00     0.00     0.00     0.00     0.00     0.00     0.00     0.00     0.00     0.00
     0.00     0.00     0.00     0.00     0.00     0.00     0.00     0.00     0.00     0.00


 >> Eritasunen analisia (medianak)

 Erit.  M_max - Tald   M_min - Tald
 ==================================
   0     0.60 - 679      0.00 -  0
   1     0.00 -  0      0.00 -  0
   2     0.00 -  0      0.00 -  0
   3     0.00 -  0      0.00 -  0
   4     0.00 -  0      0.00 -  0
   5     0.00 -  0      0.00 -  0
   6     0.00 -  0      0.00 -  0
   7     0.00 -  0      0.00 -  0
   8     0.00 -  0      0.00 -  0
   9     0.00 -  0      0.00 -  0
  10     0.00 -  0      0.00 -  0
  11     0.00 -  0      0.00 -  0
  12     0.00 -  0      0.00 -  0
  13     0.00 -  0      0.00 -  0
  14     0.00 -  0      0.00 -  0
  15     0.00 -  0      0.00 -  0
  16     0.00 -  0      0.00 -  0
  17     0.00 -  0      0.00 -  0
