 >> Taldeen zentroideak
 24.830 63.940 92.650 97.140 30.310  9.560 35.240 86.280  5.110 78.890 67.610 10.030 16.970 50.080 99.800 60.600 36.100 48.790 76.630 10.840 24.830 63.940 92.650 97.140 30.310  9.560 35.240 86.280  5.110 78.890 67.610 10.030 16.970 50.080 99.800 60.600 36.100 48.790 76.630 10.840
 87.050 38.180 17.700 17.620 98.010 70.640 49.240 33.410  8.597 30.840 56.550 39.140 98.290 93.490 77.680 21.700 55.700 26.720 62.330 77.230 87.050 38.180 17.700 17.620 98.010 70.640 49.240 33.410  8.597 30.840 56.550 39.140 98.290 93.490 77.680 21.700 55.700 26.720 62.330 77.230
 45.428 29.843 28.497 19.843 76.486 34.348 21.306 89.555 38.026 38.188 89.454 63.144 12.614 80.114 24.114 86.960 50.643 37.234 76.100 74.302 45.428 29.843 28.497 19.843 76.486 34.348 21.306 89.555 38.026 38.188 89.454 63.144 12.614 80.114 24.114 86.960 50.643 37.234 76.100 74.302
 10.250 45.800 18.710 98.570  8.024  7.929 44.630 83.090 12.830 62.340 43.030 76.740 50.610  0.877 19.240 91.910 10.590 88.440 97.540 87.980 10.250 45.800 18.710 98.570  8.024  7.929 44.630 83.090 12.830 62.340 43.030 76.740 50.610  0.877 19.240 91.910 10.590 88.440 97.540 87.980
 35.501 14.675 32.760 77.911 53.964 64.919 38.409 25.647 42.940 28.063 28.708 87.113 44.431 45.093 22.083 24.489 44.729 66.836 44.070 71.140 35.501 14.675 32.760 77.911 53.964 64.919 38.409 25.647 42.940 28.063 28.708 87.113 44.431 45.093 22.083 24.489 44.729 66.836 44.070 71.140
  6.690  8.030 13.650 91.980 11.310 13.060 31.810 25.310 85.880 25.820 62.360 72.260 48.370 65.460 84.790 85.860 46.400 55.330 24.020 98.240  6.690  8.030 13.650 91.980 11.310 13.060 31.810 25.310 85.880 25.820 62.360 72.260 48.370 65.460 84.790 85.860 46.400 55.330 24.020 98.240
 31.050  4.990 50.270 87.910 22.750 95.690 21.580 68.440 85.090 73.740 95.470 55.300 45.300  9.120 10.800 20.130 85.710  6.140  8.960 71.590 31.050  4.990 50.270 87.910 22.750 95.690 21.580 68.440 85.090 73.740 95.470 55.300 45.300  9.120 10.800 20.130 85.710  6.140  8.960 71.590
 95.480 71.330  7.370 43.860  0.310 92.170 93.240 46.710 11.020 17.260  8.470  5.590 22.250 58.740 57.020  8.520 17.960 78.600 40.480 66.570 95.480 71.330  7.370 43.860  0.310 92.170 93.240 46.710 11.020 17.260  8.470  5.590 22.250 58.740 57.020  8.520 17.960 78.600 40.480 66.570
 15.870 35.960 85.390 61.170  8.600 96.200 44.820 94.310  2.340 53.780 29.430 97.820 88.630 36.800  5.200 88.940 92.490 98.440 99.170  3.510 15.870 35.960 85.390 61.170  8.600 96.200 44.820 94.310  2.340 53.780 29.430 97.820 88.630 36.800  5.200 88.940 92.490 98.440 99.170  3.510
 35.154 71.835 78.755 67.865 51.755 18.196 42.830 69.735 49.355  3.198 94.890 72.155 73.300 55.890 16.701 34.580 71.315 65.680 77.420 64.830 35.154 71.835 78.755 67.865 51.755 18.196 42.830 69.735 49.355  3.198 94.890 72.155 73.300 55.890 16.701 34.580 71.315 65.680 77.420 64.830
 52.048 52.498 64.246 75.927 35.544 50.943 70.355 31.465 42.865 17.615 65.242 57.475 79.084 19.234 59.554 62.459 53.445 57.505 24.272 34.014 52.048 52.498 64.246 75.927 35.544 50.943 70.355 31.465 42.865 17.615 65.242 57.475 79.084 19.234 59.554 62.459 53.445 57.505 24.272 34.014
 85.710 68.700 30.910 99.210 95.580  6.770 84.830 82.180 63.920 64.760 71.120 38.380 74.130 21.400 65.000 47.340 40.410 80.560 49.520 94.350 85.710 68.700 30.910 99.210 95.580  6.770 84.830 82.180 63.920 64.760 71.120 38.380 74.130 21.400 65.000 47.340 40.410 80.560 49.520 94.350
 95.290 18.740 27.510 81.200 24.110 25.680 60.540 95.600 97.380 87.750  2.390 83.100 19.970 33.310 82.310 15.550  3.600 67.140 97.730 67.520 95.290 18.740 27.510 81.200 24.110 25.680 60.540 95.600 97.380 87.750  2.390 83.100 19.970 33.310 82.310 15.550  3.600 67.140 97.730 67.520
 95.420 32.370 69.430 69.550 17.300 97.950 16.890 57.710 78.510 29.940 15.580 73.800 12.200  6.620 18.520 36.310 32.300 79.060 31.920 29.690 95.420 32.370 69.430 69.550 17.300 97.950 16.890 57.710 78.510 29.940 15.580 73.800 12.200  6.620 18.520 36.310 32.300 79.060 31.920 29.690
 30.340 97.830 12.790 50.310 94.660 58.620 65.870 98.260 89.280 27.120 65.790 84.700 59.500 98.740 17.780 76.800 96.690 98.190 98.030 75.200 30.340 97.830 12.790 50.310 94.660 58.620 65.870 98.260 89.280 27.120 65.790 84.700 59.500 98.740 17.780 76.800 96.690 98.190 98.030 75.200
 42.258 20.793 12.698 23.661 26.727 44.093 19.861 48.937 24.112 62.685 27.679 73.733 17.370 58.822 49.243 57.093 73.406 54.399 56.289 73.245 42.258 20.793 12.698 23.661 26.727 44.093 19.861 48.937 24.112 62.685 27.679 73.733 17.370 58.822 49.243 57.093 73.406 54.399 56.289 73.245
 39.700 79.406 37.217 13.534 46.192 84.378 38.193 73.807 85.674 78.035 84.983 63.212 54.988 40.654 88.176 82.365 63.265 30.215 68.725 59.799 39.700 79.406 37.217 13.534 46.192 84.378 38.193 73.807 85.674 78.035 84.983 63.212 54.988 40.654 88.176 82.365 63.265 30.215 68.725 59.799
 65.163 88.238 13.560 15.753 43.786 27.164 27.538 51.639 18.998 18.900 16.846 20.565 27.890 67.496  8.093 56.301 46.679 89.492 57.250 23.484 65.163 88.238 13.560 15.753 43.786 27.164 27.538 51.639 18.998 18.900 16.846 20.565 27.890 67.496  8.093 56.301 46.679 89.492 57.250 23.484
 32.501 17.024  8.377 13.017 16.429 38.868 17.720 57.907 22.784 78.856 19.910 81.279  9.469 66.039 33.829 66.726 75.276 48.224 51.421 92.028 32.501 17.024  8.377 13.017 16.429 38.868 17.720 57.907 22.784 78.856 19.910 81.279  9.469 66.039 33.829 66.726 75.276 48.224 51.421 92.028
 52.595 49.038 34.267 39.495 62.040 32.963 52.853 38.656 86.435 43.282 25.350 51.361 50.869 69.260 35.333 39.475 40.110 34.152 72.797 33.711 52.595 49.038 34.267 39.495 62.040 32.963 52.853 38.656 86.435 43.282 25.350 51.361 50.869 69.260 35.333 39.475 40.110 34.152 72.797 33.711
 15.462 82.277 75.228 84.315 19.108 39.949 83.371 57.633 58.092 78.924 22.218 21.752 65.728 56.750 29.593  9.771 83.114 75.052 74.473 88.649 15.462 82.277 75.228 84.315 19.108 39.949 83.371 57.633 58.092 78.924 22.218 21.752 65.728 56.750 29.593  9.771 83.114 75.052 74.473 88.649
 92.530  9.461 84.400 39.840 13.610 73.480 76.870 44.070 87.130 34.680 53.300 43.870 34.200 26.030 84.280 97.070 59.230 13.820 97.010 19.860 92.530  9.461 84.400 39.840 13.610 73.480 76.870 44.070 87.130 34.680 53.300 43.870 34.200 26.030 84.280 97.070 59.230 13.820 97.010 19.860
 60.497 25.553 20.663 80.355 70.988 46.665 20.076 26.365 15.800 28.960 54.911 46.158 27.028 59.767 86.387 43.658 51.326 56.038 54.303 16.096 60.497 25.553 20.663 80.355 70.988 46.665 20.076 26.365 15.800 28.960 54.911 46.158 27.028 59.767 86.387 43.658 51.326 56.038 54.303 16.096
 85.220 77.920 26.300 50.600 13.900 54.060 77.120 92.820 33.610 34.040 31.860 90.610  3.140 95.730 62.960 43.600  6.390 74.370 25.830 70.440 85.220 77.920 26.300 50.600 13.900 54.060 77.120 92.820 33.610 34.040 31.860 90.610  3.140 95.730 62.960 43.600  6.390 74.370 25.830 70.440
 79.729 31.041 28.402 35.292 20.434 87.458 83.177 27.553 44.082 85.619 17.954 37.152 71.275 74.663 15.951 26.297 42.031 74.724 72.851 33.466 79.729 31.041 28.402 35.292 20.434 87.458 83.177 27.553 44.082 85.619 17.954 37.152 71.275 74.663 15.951 26.297 42.031 74.724 72.851 33.466
 76.888 53.368 29.504 20.668 29.219 58.202 25.214 63.190 46.473 25.718 41.532 40.918 68.873 25.349 72.835 26.033 61.010 49.575 67.863 22.864 76.888 53.368 29.504 20.668 29.219 58.202 25.214 63.190 46.473 25.718 41.532 40.918 68.873 25.349 72.835 26.033 61.010 49.575 67.863 22.864
 53.195 89.065 32.115 26.779 50.830 35.076 40.285 50.585 89.900 92.175 82.590 43.800 85.615 27.673 44.875 47.680 58.495 66.430 74.965 80.415 53.195 89.065 32.115 26.779 50.830 35.076 40.285 50.585 89.900 92.175 82.590 43.800 85.615 27.673 44.875 47.680 58.495 66.430 74.965 80.415
 17.032 79.545 85.117  9.426 69.537  7.984 82.446 67.015 64.486 24.904 68.559 69.425 28.353 68.476 34.304 12.165 19.926 13.528 54.768 77.122 17.032 79.545 85.117  9.426 69.537  7.984 82.446 67.015 64.486 24.904 68.559 69.425 28.353 68.476 34.304 12.165 19.926 13.528 54.768 77.122
 40.833 59.476 87.974 36.083 12.518 41.908 37.847 29.000 32.024 69.848 74.533 67.069 10.908 38.851 35.695  9.085 61.618 42.150 20.374 15.191 40.833 59.476 87.974 36.083 12.518 41.908 37.847 29.000 32.024 69.848 74.533 67.069 10.908 38.851 35.695  9.085 61.618 42.150 20.374 15.191
 21.850 65.825 43.870 43.299 64.897 87.567 54.560 47.108 67.796 41.440 11.202 75.508 50.385 84.012 61.383 61.244 12.795 27.954 82.200 55.512 21.850 65.825 43.870 43.299 64.897 87.567 54.560 47.108 67.796 41.440 11.202 75.508 50.385 84.012 61.383 61.244 12.795 27.954 82.200 55.512
 86.958 33.625 68.050 73.330 72.405 60.515 64.620 67.285 41.983 57.877 55.380 20.341 13.731 17.110 28.344 35.201 55.253 68.438 86.353 37.663 86.958 33.625 68.050 73.330 72.405 60.515 64.620 67.285 41.983 57.877 55.380 20.341 13.731 17.110 28.344 35.201 55.253 68.438 86.353 37.663
 76.019 58.298 51.369 35.128 34.392 85.283 25.410 69.600 85.345 72.543 73.389 55.408 58.850 40.429 84.250 61.493 82.230 15.857 77.234 42.650 76.019 58.298 51.369 35.128 34.392 85.283 25.410 69.600 85.345 72.543 73.389 55.408 58.850 40.429 84.250 61.493 82.230 15.857 77.234 42.650
 11.485 60.367 35.939 51.372 71.711 25.708 28.345 88.455 64.588 80.024 78.594 63.385 62.745 57.947 23.577 23.989 20.791 84.292 24.078 91.841 11.485 60.367 35.939 51.372 71.711 25.708 28.345 88.455 64.588 80.024 78.594 63.385 62.745 57.947 23.577 23.989 20.791 84.292 24.078 91.841
 48.479 47.419 70.891 59.863 27.002 80.967 87.746 52.069 55.576 80.096 51.923 46.387 88.529 43.011 55.400 39.990 83.121 84.297 51.192 64.484 48.479 47.419 70.891 59.863 27.002 80.967 87.746 52.069 55.576 80.096 51.923 46.387 88.529 43.011 55.400 39.990 83.121 84.297 51.192 64.484
 29.505 76.073 56.657 50.500 49.476 65.047 59.663 75.763 19.362 55.917 58.477 28.617 16.289 45.497 41.613  8.712 47.100 76.270 17.164 75.037 29.505 76.073 56.657 50.500 49.476 65.047 59.663 75.763 19.362 55.917 58.477 28.617 16.289 45.497 41.613  8.712 47.100 76.270 17.164 75.037
 24.620 33.030 78.590 72.480  1.185  5.961 61.570 72.170 37.440 75.520 46.120 59.580 95.640 79.020 15.280 48.600 34.320 83.000 21.730 63.650 24.620 33.030 78.590 72.480  1.185  5.961 61.570 72.170 37.440 75.520 46.120 59.580 95.640 79.020 15.280 48.600 34.320 83.000 21.730 63.650
 50.052 84.496 57.782 17.107 31.428 82.880 49.826 87.778 39.516 73.568 45.314 82.792 79.805 29.430 76.193 32.925 32.175  9.829 50.490 90.624 50.052 84.496 57.782 17.107 31.428 82.880 49.826 87.778 39.516 73.568 45.314 82.792 79.805 29.430 76.193 32.925 32.175  9.829 50.490 90.624
 93.070  6.101 41.490 51.670 57.480 28.340 69.570 13.520 26.710 75.580 89.480 72.960 38.610 57.300 94.720 44.940 62.890 93.990 98.080 49.990 93.070  6.101 41.490 51.670 57.480 28.340 69.570 13.520 26.710 75.580 89.480 72.960 38.610 57.300 94.720 44.940 62.890 93.990 98.080 49.990
 15.046 50.836 55.792 84.739 85.476 16.593 56.270 43.813 74.243 67.549 73.883 20.172 72.026 30.890 65.984 89.507 64.179 36.741 84.728 44.541 15.046 50.836 55.792 84.739 85.476 16.593 56.270 43.813 74.243 67.549 73.883 20.172 72.026 30.890 65.984 89.507 64.179 36.741 84.728 44.541
 89.300 91.030 99.050 23.820 80.110 25.210 58.190 62.340 77.330 93.040 12.520 83.650 86.170  9.510 68.930 31.920 31.750 88.590 81.530 44.850 89.300 91.030 99.050 23.820 80.110 25.210 58.190 62.340 77.330 93.040 12.520 83.650 86.170  9.510 68.930 31.920 31.750 88.590 81.530 44.850
 29.574 64.331 45.618 44.816 81.308 31.327 79.060 29.157 39.393 55.467 12.018 40.583 58.809 35.292 29.877 84.008 73.155 31.989 23.776 28.805 29.574 64.331 45.618 44.816 81.308 31.327 79.060 29.157 39.393 55.467 12.018 40.583 58.809 35.292 29.877 84.008 73.155 31.989 23.776 28.805
 29.916 59.794 58.877 66.189 71.371 47.184 26.379 37.988 69.856 67.430 40.588 56.158 53.053 17.738 81.134 39.496 59.974 52.634 30.823 65.830 29.916 59.794 58.877 66.189 71.371 47.184 26.379 37.988 69.856 67.430 40.588 56.158 53.053 17.738 81.134 39.496 59.974 52.634 30.823 65.830
 30.876 32.780 70.107 13.620 91.020 27.350 38.248 29.915 13.153 70.428 12.275 46.554 21.214 54.938 33.698 27.663  8.532 82.936 26.290 30.632 30.876 32.780 70.107 13.620 91.020 27.350 38.248 29.915 13.153 70.428 12.275 46.554 21.214 54.938 33.698 27.663  8.532 82.936 26.290 30.632
 30.670 27.936 45.364 66.431 29.509 12.154 78.780 26.102 50.455 87.235 35.686 33.122 43.476 85.166 76.172 48.023 29.535 29.716 30.574 35.221 30.670 27.936 45.364 66.431 29.509 12.154 78.780 26.102 50.455 87.235 35.686 33.122 43.476 85.166 76.172 48.023 29.535 29.716 30.574 35.221
 56.946 85.325 87.611 65.686 33.845 52.364 45.107 24.447 71.386 11.952 66.536 58.045 17.613 73.982 32.074 65.862 29.045 15.406 41.737 70.064 56.946 85.325 87.611 65.686 33.845 52.364 45.107 24.447 71.386 11.952 66.536 58.045 17.613 73.982 32.074 65.862 29.045 15.406 41.737 70.064
 59.844 39.668 38.567 50.239 50.435 32.678 66.062 60.902 53.323 50.016 67.156 51.459 35.316 34.327 29.043 51.876 55.326 50.118 27.384 26.054 59.844 39.668 38.567 50.239 50.435 32.678 66.062 60.902 53.323 50.016 67.156 51.459 35.316 34.327 29.043 51.876 55.326 50.118 27.384 26.054
 42.342 23.199 29.222 71.631 26.543 75.474 42.088 24.237 16.698 18.516 83.164 75.670 68.603 37.100 55.504 84.185 71.920 78.924 28.628 18.017 42.342 23.199 29.222 71.631 26.543 75.474 42.088 24.237 16.698 18.516 83.164 75.670 68.603 37.100 55.504 84.185 71.920 78.924 28.628 18.017
 72.291 38.743 22.540 41.380 72.585 73.046 48.064 80.010 12.568 66.930 87.032 55.737 45.093 51.719 82.592 79.159 62.039 60.852 42.704 42.166 72.291 38.743 22.540 41.380 72.585 73.046 48.064 80.010 12.568 66.930 87.032 55.737 45.093 51.719 82.592 79.159 62.039 60.852 42.704 42.166
 63.545 23.425 65.850  9.823 80.170 76.915 69.955 83.830 34.965 72.675 10.658 17.979 37.810 39.250  2.672 57.075 71.865 42.470 75.950 52.155 63.545 23.425 65.850  9.823 80.170 76.915 69.955 83.830 34.965 72.675 10.658 17.979 37.810 39.250  2.672 57.075 71.865 42.470 75.950 52.155
 57.694 23.452 53.891 35.839 72.294 14.130 26.026 27.693 65.358 64.083 52.984 10.903 82.264 27.732  8.563 82.284 64.060 52.015 19.123 23.060 57.694 23.452 53.891 35.839 72.294 14.130 26.026 27.693 65.358 64.083 52.984 10.903 82.264 27.732  8.563 82.284 64.060 52.015 19.123 23.060
 17.830 44.276 12.071 91.163 72.740 90.370 63.016 57.619 44.759 36.474 13.723 29.673 86.284 70.495 42.867 60.574 30.394 65.579 86.505 46.468 17.830 44.276 12.071 91.163 72.740 90.370 63.016 57.619 44.759 36.474 13.723 29.673 86.284 70.495 42.867 60.574 30.394 65.579 86.505 46.468
 57.000 22.100 63.280 42.430 34.240 71.710 60.270 25.200 16.850 27.840 11.090  4.610  6.390 81.670 94.660  3.950 21.610 75.160 72.700 80.700 57.000 22.100 63.280 42.430 34.240 71.710 60.270 25.200 16.850 27.840 11.090  4.610  6.390 81.670 94.660  3.950 21.610 75.160 72.700 80.700
 34.600 39.560 38.230 26.230 37.250 94.190 83.480  6.398 36.090 79.190  8.204 26.330 19.770 58.740 86.680 48.000 44.060 30.600 14.470 20.620 34.600 39.560 38.230 26.230 37.250 94.190 83.480  6.398 36.090 79.190  8.204 26.330 19.770 58.740 86.680 48.000 44.060 30.600 14.470 20.620
 63.306 59.825 30.161 63.193 74.178 71.387 25.475 37.141 53.139 57.754 66.956 61.599 28.607 18.506 81.622 54.673 64.995 22.339 75.954 26.106 63.306 59.825 30.161 63.193 74.178 71.387 25.475 37.141 53.139 57.754 66.956 61.599 28.607 18.506 81.622 54.673 64.995 22.339 75.954 26.106
 76.660 63.370  6.810 33.670 97.190 93.660 88.450  2.730 67.830 68.430 25.110 69.830 86.540 15.630 78.230 86.330 64.330 54.090  7.730 88.200 76.660 63.370  6.810 33.670 97.190 93.660 88.450  2.730 67.830 68.430 25.110 69.830 86.540 15.630 78.230 86.330 64.330 54.090  7.730 88.200
 68.273 56.353 44.260  8.656 20.060 40.363 28.247 91.277 44.843 24.390 68.797 52.360 77.133 39.943 58.560 78.557 85.993 74.007 49.467 76.217 68.273 56.353 44.260  8.656 20.060 40.363 28.247 91.277 44.843 24.390 68.797 52.360 77.133 39.943 58.560 78.557 85.993 74.007 49.467 76.217
 42.389 53.976 29.844 32.693 60.934 52.860 36.664 30.695 44.363 31.071 31.437 33.186 48.833 24.865 12.714 73.356 55.942 20.020 15.361 61.886 42.389 53.976 29.844 32.693 60.934 52.860 36.664 30.695 44.363 31.071 31.437 33.186 48.833 24.865 12.714 73.356 55.942 20.020 15.361 61.886
 52.180 76.980 61.670 19.630 65.170 36.200 66.490  2.796 57.210 69.850 43.040 43.010 67.980 87.850 84.240 15.290 18.970 24.480  0.176 49.140 52.180 76.980 61.670 19.630 65.170 36.200 66.490  2.796 57.210 69.850 43.040 43.010 67.980 87.850 84.240 15.290 18.970 24.480  0.176 49.140
 70.030 53.850 18.430 26.280 96.590 19.480 95.230 70.740 31.950  3.160 90.360 36.430 39.500 92.830 17.960 13.170 43.060 95.720  1.565 94.510 70.030 53.850 18.430 26.280 96.590 19.480 95.230 70.740 31.950  3.160 90.360 36.430 39.500 92.830 17.960 13.170 43.060 95.720  1.565 94.510
 22.710 86.984 22.917 38.666 78.471 31.475 52.617 16.115 79.300 87.789 88.470 66.523 28.799 24.436 40.091 25.124 88.156 60.358 16.678  9.733 22.710 86.984 22.917 38.666 78.471 31.475 52.617 16.115 79.300 87.789 88.470 66.523 28.799 24.436 40.091 25.124 88.156 60.358 16.678  9.733

 >> Taldeen tamaina: 60 talde

        0        1       25        1       26        0        0        0        0        2
       53        0        0        0        0        0       50       25       25        6
       25        1       26        0       25        6        2       25       25       26
        4       26       26       27        3        1       26        1       26        0
       28        7       25       29       25      130       26       50        2       25
       25        0        1       53        0        3       29        1        1       25


 >> Taldeen trinkotasuna 

     0.00     0.00    22.44     0.00    35.54     0.00     0.00     0.00     0.00   227.79
   105.63     0.00     0.00     0.00     0.00     0.00    35.14    23.63    23.47   213.45
    21.94     0.00    40.74     0.00    31.87   203.05   164.35    22.31    31.12    39.98
   206.20    35.38    33.12    45.30   207.59     0.00    38.07     0.00    43.22     0.00
    56.83   215.65    22.38    65.49    32.45   147.62    45.44    99.07   209.43    23.03
    24.50     0.00     0.00   129.54     0.00   168.78    66.43     0.00     0.00    23.71


 >> Eritasunen analisia (medianak)

 Erit.  M_max - Tald   M_min - Tald
 ==================================
   0     0.64 -  1      0.09 - 21
   1     0.87 - 34      0.43 - 25
   2     0.63 - 48      0.10 - 52
   3     0.97 - 37      0.30 - 57
   4     0.65 - 48      0.02 -  1
   5     0.94 - 26      0.37 - 21
   6     0.69 -  9      0.05 - 58
   7     0.88 -  3      0.34 - 55
   8     0.57 - 48      0.15 - 35
   9     0.97 -  9      0.32 - 21
  10     0.59 - 26      0.03 - 37
  11     0.87 -  1      0.37 - 35
  12     0.63 - 26      0.05 - 58
  13     0.93 -  9      0.32 - 48
  14     0.68 - 34      0.04 - 37
  15     0.95 -  9      0.44 - 37
  16     0.59 - 37      0.01 - 58
  17     0.98 - 26      0.41 -  3
